<?xml version="1.0" encoding="UTF-8"?>
<testsuite xmlns:xsi="http://www.w3.org/2001/XMLSchema-instance" xsi:noNamespaceSchemaLocation="https://maven.apache.org/surefire/maven-surefire-plugin/xsd/surefire-test-report.xsd" version="3.0.2" name="com.example.news.node.MainAppApplicationTests" time="2.312" tests="1" errors="0" skipped="0" failures="0">
  <properties>
[...]
</properties>
  <testcase name="contextLoads" classname="com.example.news.node.MainAppApplicationTests" time="0.881">
    <system-out><![CDATA[01:56:47.199 [main] INFO org.springframework.test.context.support.AnnotationConfigContextLoaderUtils -- Could not detect default configuration classes for test class [com.example.news.node.MainAppApplicationTests]: MainAppApplicationTests does not declare any static, non-private, non-final, nested classes annotated with @Configuration.
01:56:47.341 [main] INFO org.springframework.boot.test.context.SpringBootTestContextBootstrapper -- Found @SpringBootConfiguration com.example.news.node.MainAppApplication for test class com.example.news.node.MainAppApplicationTests

  .   ____          _            __ _ _
 /\\ / ___'_ __ _ _(_)_ __  __ _ \ \ \ \
( ( )\___ | '_ | '_| | '_ \/ _` | \ \ \ \
 \\/  ___)| |_)| | | | | || (_| |  ) ) ) )
  '  |____| .__|_| |_|_| |_\__, | / / / /
 =========|_|==============|___/=/_/_/_/

 :: Spring Boot ::                (v3.4.1)

2025-01-14T01:56:47.806+02:00  INFO 64792 --- [MainApp] [           main] c.e.news.node.MainAppApplicationTests    : Starting MainAppApplicationTests using Java 21.0.2 with PID 64792 (started by arman in C:\Users\arman\OneDrive\Desktop\Costea-Proiect\MainApp)
2025-01-14T01:56:47.807+02:00  INFO 64792 --- [MainApp] [           main] c.e.news.node.MainAppApplicationTests    : No active profile set, falling back to 1 default profile: "default"
2025-01-14T01:56:48.383+02:00  INFO 64792 --- [MainApp] [           main] c.e.news.node.MainAppApplicationTests    : Started MainAppApplicationTests in 0.865 seconds (process running for 1.986)
]]></system-out>
    <system-err><![CDATA[Mockito is currently self-attaching to enable the inline-mock-maker. This will no longer work in future releases of the JDK. Please add Mockito as an agent to your build what is described in Mockito's documentation: https://javadoc.io/doc/org.mockito/mockito-core/latest/org/mockito/Mockito.html#0.3
WARNING: A Java agent has been loaded dynamically (C:\Users\arman\.m2\repository\net\bytebuddy\byte-buddy-agent\1.15.11\byte-buddy-agent-1.15.11.jar)
WARNING: If a serviceability tool is in use, please run with -XX:+EnableDynamicAgentLoading to hide this warning
WARNING: If a serviceability tool is not in use, please run with -Djdk.instrument.traceUsage for more information
WARNING: Dynamic loading of agents will be disallowed by default in a future release
]]></system-err>
  </testcase>
</testsuite>